# JRE version: Java(TM) SE Runtime Environment (14.0.2+12) (build 14.0.2+12-46)
# Java VM: Java HotSpot(TM) 64-Bit Server VM (14.0.2+12-46, mixed mode, sharing, tiered, compressed oops, g1 gc, windows-amd64)
Heap:
 garbage-first heap   total 102400K, used 64798K [0x0000000083400000, 0x0000000100000000)
  region size 1024K, 4 young (4096K), 2 survivors (2048K)
 Metaspace       used 29015K, capacity 30284K, committed 30384K, reserved 1075200K
  class space    used 4024K, capacity 4535K, committed 4608K, reserved 1048576K
GC Heap History (20 events):
Event: 10.344 GC heap before
{Heap before GC invocations=2 (full 0):
 garbage-first heap   total 129024K, used 24102K [0x0000000083400000, 0x0000000100000000)
  region size 1024K, 16 young (16384K), 4 survivors (4096K)
 Metaspace       used 20430K, capacity 21147K, committed 21296K, reserved 1067008K
  class space    used 2840K, capacity 3125K, committed 3200K, reserved 1048576K
}
Event: 10.348 GC heap after
{Heap after GC invocations=3 (full 0):
 garbage-first heap   total 129024K, used 14582K [0x0000000083400000, 0x0000000100000000)
  region size 1024K, 6 young (6144K), 6 survivors (6144K)
 Metaspace       used 20430K, capacity 21147K, committed 21296K, reserved 1067008K
  class space    used 2840K, capacity 3125K, committed 3200K, reserved 1048576K
}
Event: 11.972 GC heap before
{Heap before GC invocations=4 (full 0):
 garbage-first heap   total 55296K, used 29942K [0x0000000083400000, 0x0000000100000000)
  region size 1024K, 16 young (16384K), 6 survivors (6144K)
 Metaspace       used 23652K, capacity 24377K, committed 24496K, reserved 1071104K
  class space    used 3268K, capacity 3577K, committed 3584K, reserved 1048576K
}
Event: 11.984 GC heap after
{Heap after GC invocations=5 (full 0):
 garbage-first heap   total 55296K, used 21695K [0x0000000083400000, 0x0000000100000000)
  region size 1024K, 3 young (3072K), 3 survivors (3072K)
 Metaspace       used 23652K, capacity 24377K, committed 24496K, reserved 1071104K
  class space    used 3268K, capacity 3577K, committed 3584K, reserved 1048576K
}
Event: 12.093 GC heap before
{Heap before GC invocations=6 (full 0):
 garbage-first heap   total 63488K, used 37055K [0x0000000083400000, 0x0000000100000000)
  region size 1024K, 4 young (4096K), 3 survivors (3072K)
 Metaspace       used 23687K, capacity 24441K, committed 24496K, reserved 1071104K
  class space    used 3268K, capacity 3577K, committed 3584K, reserved 1048576K
}
Event: 12.099 GC heap after
{Heap after GC invocations=7 (full 0):
 garbage-first heap   total 63488K, used 37100K [0x0000000083400000, 0x0000000100000000)
  region size 1024K, 2 young (2048K), 2 survivors (2048K)
 Metaspace       used 23687K, capacity 24441K, committed 24496K, reserved 1071104K
  class space    used 3268K, capacity 3577K, committed 3584K, reserved 1048576K
}
Event: 12.126 GC heap before
{Heap before GC invocations=8 (full 0):
 garbage-first heap   total 71680K, used 40172K [0x0000000083400000, 0x0000000100000000)
  region size 1024K, 3 young (3072K), 2 survivors (2048K)
 Metaspace       used 23734K, capacity 24506K, committed 24752K, reserved 1071104K
  class space    used 3268K, capacity 3577K, committed 3584K, reserved 1048576K
}
Event: 12.128 GC heap after
{Heap after GC invocations=9 (full 0):
 garbage-first heap   total 71680K, used 40085K [0x0000000083400000, 0x0000000100000000)
  region size 1024K, 1 young (1024K), 1 survivors (1024K)
 Metaspace       used 23734K, capacity 24506K, committed 24752K, reserved 1071104K
  class space    used 3268K, capacity 3577K, committed 3584K, reserved 1048576K
}
Event: 12.158 GC heap before
{Heap before GC invocations=10 (full 0):
 garbage-first heap   total 73728K, used 44181K [0x0000000083400000, 0x0000000100000000)
  region size 1024K, 2 young (2048K), 1 survivors (1024K)
 Metaspace       used 23747K, capacity 24521K, committed 24752K, reserved 1071104K
  class space    used 3270K, capacity 3580K, committed 3584K, reserved 1048576K
}
Event: 12.160 GC heap after
{Heap after GC invocations=11 (full 0):
 garbage-first heap   total 73728K, used 44209K [0x0000000083400000, 0x0000000100000000)
  region size 1024K, 2 young (2048K), 2 survivors (2048K)
 Metaspace       used 23747K, capacity 24521K, committed 24752K, reserved 1071104K
  class space    used 3270K, capacity 3580K, committed 3584K, reserved 1048576K
}
Event: 12.399 GC heap before
{Heap before GC invocations=12 (full 0):
 garbage-first heap   total 81920K, used 59569K [0x0000000083400000, 0x0000000100000000)
  region size 1024K, 16 young (16384K), 2 survivors (2048K)
 Metaspace       used 25117K, capacity 26001K, committed 26160K, reserved 1071104K
  class space    used 3554K, capacity 3932K, committed 3968K, reserved 1048576K
}
Event: 12.403 GC heap after
{Heap after GC invocations=13 (full 0):
 garbage-first heap   total 81920K, used 47604K [0x0000000083400000, 0x0000000100000000)
  region size 1024K, 2 young (2048K), 2 survivors (2048K)
 Metaspace       used 25117K, capacity 26001K, committed 26160K, reserved 1071104K
  class space    used 3554K, capacity 3932K, committed 3968K, reserved 1048576K
}
Event: 12.624 GC heap before
{Heap before GC invocations=13 (full 0):
 garbage-first heap   total 81920K, used 66036K [0x0000000083400000, 0x0000000100000000)
  region size 1024K, 21 young (21504K), 2 survivors (2048K)
 Metaspace       used 25423K, capacity 26277K, committed 26416K, reserved 1071104K
  class space    used 3578K, capacity 3936K, committed 3968K, reserved 1048576K
}
Event: 12.630 GC heap after
{Heap after GC invocations=14 (full 0):
 garbage-first heap   total 81920K, used 50465K [0x0000000083400000, 0x0000000100000000)
  region size 1024K, 3 young (3072K), 3 survivors (3072K)
 Metaspace       used 25423K, capacity 26277K, committed 26416K, reserved 1071104K
  class space    used 3578K, capacity 3936K, committed 3968K, reserved 1048576K
}
Event: 12.906 GC heap before
{Heap before GC invocations=15 (full 0):
 garbage-first heap   total 89088K, used 65825K [0x0000000083400000, 0x0000000100000000)
  region size 1024K, 18 young (18432K), 3 survivors (3072K)
 Metaspace       used 27200K, capacity 28327K, committed 28464K, reserved 1073152K
  class space    used 3904K, capacity 4369K, committed 4480K, reserved 1048576K
}
Event: 12.910 GC heap after
{Heap after GC invocations=16 (full 0):
 garbage-first heap   total 89088K, used 52647K [0x0000000083400000, 0x0000000100000000)
  region size 1024K, 3 young (3072K), 3 survivors (3072K)
 Metaspace       used 27200K, capacity 28327K, committed 28464K, reserved 1073152K
  class space    used 3904K, capacity 4369K, committed 4480K, reserved 1048576K
}
Event: 13.146 GC heap before
{Heap before GC invocations=16 (full 0):
 garbage-first heap   total 89088K, used 72103K [0x0000000083400000, 0x0000000100000000)
  region size 1024K, 22 young (22528K), 3 survivors (3072K)
 Metaspace       used 28139K, capacity 29341K, committed 29488K, reserved 1075200K
  class space    used 3974K, capacity 4463K, committed 4480K, reserved 1048576K
}
Event: 13.153 GC heap after
{Heap after GC invocations=17 (full 0):
 garbage-first heap   total 89088K, used 59290K [0x0000000083400000, 0x0000000100000000)
  region size 1024K, 3 young (3072K), 3 survivors (3072K)
 Metaspace       used 28139K, capacity 29341K, committed 29488K, reserved 1075200K
  class space    used 3974K, capacity 4463K, committed 4480K, reserved 1048576K
}
Event: 13.370 GC heap before
{Heap before GC invocations=18 (full 0):
 garbage-first heap   total 102400K, used 70554K [0x0000000083400000, 0x0000000100000000)
  region size 1024K, 14 young (14336K), 3 survivors (3072K)
 Metaspace       used 28747K, capacity 29983K, committed 30128K, reserved 1075200K
  class space    used 4001K, capacity 4500K, committed 4608K, reserved 1048576K
}
Event: 13.376 GC heap after
{Heap after GC invocations=19 (full 0):
 garbage-first heap   total 102400K, used 63774K [0x0000000083400000, 0x0000000100000000)
  region size 1024K, 2 young (2048K), 2 survivors (2048K)
 Metaspace       used 28747K, capacity 29983K, committed 30128K, reserved 1075200K
  class space    used 4001K, capacity 4500K, committed 4608K, reserved 1048576K
}

